
> freecipies-blog@0.0.1 build C:\Users\Poste\Desktop\SaaS Astro\freecipies-blog
> astro build

[2m12:15:48[22m [34m[@astrojs/cloudflare][39m Enabling sessions with Cloudflare KV with the "SESSION" KV binding.
[2m12:15:48[22m [34m[@astrojs/cloudflare][39m If you see the error "Invalid binding `SESSION`" in your build output, you need to add the binding to your wrangler config file.
[33m[1m12:15:48[22m [WARN][39m Unsupported file type [1mC:\Users\Poste\Desktop\SaaS Astro\freecipies-blog\src\pages\index.astro.backup[22m found. Prefix filename with an underscore (`_`) to ignore.
[33m[1m12:15:48[22m [WARN] [adapter][39m Cloudflare does not support sharp at runtime. However, you can configure `imageService: "compile"` to optimize images with sharp on prerendered pages during build time.
[2m12:15:50[22m [34m[content][39m Syncing content
[33m[1m12:15:50[22m [WARN] [glob-loader][39m No entry type found for using-mdx.mdx
[2m12:15:50[22m [34m[content][39m Synced content
[2m12:15:50[22m [34m[types][39m Generated [2m1.67s[22m
[2m12:15:50[22m [34m[build][39m output: [34m"server"[39m
[2m12:15:50[22m [34m[build][39m mode: [34m"server"[39m
[2m12:15:50[22m [34m[build][39m directory: [34mC:\Users\Poste\Desktop\SaaS Astro\freecipies-blog\dist\[39m
[2m12:15:50[22m [34m[build][39m adapter: [32m@astrojs/cloudflare[39m
[2m12:15:50[22m [34m[build][39m Collecting build info...
[2m12:15:50[22m [34m[build][39m [32m✓ Completed in 2.12s.[39m
[2m12:15:50[22m [34m[build][39m Building server entrypoints...
[33m[1m12:15:53[22m [WARN] [router][39m getStaticPaths() ignored in dynamic page [1m/src/pages/rss/pinterest/[board].xml.ts[22m. Add `export const prerender = true;` to prerender the page as static HTML during the build process.
[33m[1m12:15:54[22m [WARN] [vite][39m [33m[plugin vite:resolve] Automatically externalized node built-in module "node:fs/promises" imported from "src\pages\api\upload-font.ts". Consider adding it to environments.ssr.external if it is intended.[39m
[33m[1m12:15:54[22m [WARN] [vite][39m [33m[plugin vite:resolve] Automatically externalized node built-in module "node:path" imported from "src\pages\api\upload-font.ts". Consider adding it to environments.ssr.external if it is intended.[39m
[33m[1m12:15:54[22m [WARN] [vite][39m [33m[plugin vite:resolve] Automatically externalized node built-in module "node:fs/promises" imported from "src\pages\api\branding\[...slug].ts". Consider adding it to environments.ssr.external if it is intended.[39m
[33m[1m12:15:54[22m [WARN] [vite][39m [33m[plugin vite:resolve] Automatically externalized node built-in module "node:path" imported from "src\pages\api\branding\[...slug].ts". Consider adding it to environments.ssr.external if it is intended.[39m
[33m[1m12:15:55[22m [WARN] [router][39m getStaticPaths() ignored in dynamic page [1m/src/pages/blog/[...slug].astro[22m. Add `export const prerender = true;` to prerender the page as static HTML during the build process.
[33m[1m12:15:56[22m [WARN] [vite][39m [33m[plugin vite:resolve] Automatically externalized node built-in module "node:fs" imported from "src\components\Header.astro". Consider adding it to environments.ssr.external if it is intended.[39m
[33m[1m12:15:56[22m [WARN] [vite][39m [33m[plugin vite:resolve] Automatically externalized node built-in module "node:path" imported from "src\components\Header.astro". Consider adding it to environments.ssr.external if it is intended.[39m
[33m[1m12:15:56[22m [WARN] [vite][39m [33m[plugin vite:resolve] Automatically externalized node built-in module "node:fs" imported from "src\components\BaseHead.astro". Consider adding it to environments.ssr.external if it is intended.[39m
[33m[1m12:15:56[22m [WARN] [vite][39m [33m[plugin vite:resolve] Automatically externalized node built-in module "node:path" imported from "src\components\BaseHead.astro". Consider adding it to environments.ssr.external if it is intended.[39m
[2m12:16:03[22m [34m[vite][39m [32m✓ built in 12.39s[39m
[2m12:16:03[22m [34m[build][39m [32m✓ Completed in 12.51s.[39m

[42m[30m building client (vite) [39m[49m
[2m12:16:03[22m [34m[vite][39m transforming...
[2m12:16:13[22m [34m[vite][39m [32m✓[39m 1892 modules transformed.
[31m[1m12:16:13[22m [ERROR] [vite][39m [31m✗[39m Build failed in 10.70s
Could not resolve "./ui/alert-dialog" from "src/components/admin/components/SessionMonitor.jsx"
file: C:/Users/Poste/Desktop/SaaS Astro/freecipies-blog/src/components/admin/components/SessionMonitor.jsx
  [1mStack trace:[22m
[2m    at getRollupError (file:///C:/Users/Poste/Desktop/SaaS%20Astro/freecipies-blog/node_modules/.pnpm/rollup@4.53.5/node_modules/rollup/dist/es/shared/parseAst.js:401:41)
    at ModuleLoader.handleInvalidResolvedId (file:///C:/Users/Poste/Desktop/SaaS%20Astro/freecipies-blog/node_modules/.pnpm/rollup@4.53.5/node_modules/rollup/dist/es/shared/node-entry.js:21633:24)[22m
 ELIFECYCLE  Command failed with exit code 1.
