[2m12:17:17[22m [34m[@astrojs/cloudflare][39m Enabling sessions with Cloudflare KV with the "SESSION" KV binding.
[2m12:17:17[22m [34m[@astrojs/cloudflare][39m If you see the error "Invalid binding `SESSION`" in your build output, you need to add the binding to your wrangler config file.
[33m[1m12:17:17[22m [WARN][39m Unsupported file type [1mC:\Users\Poste\Desktop\SaaS Astro\freecipies-blog\src\pages\index.astro.backup[22m found. Prefix filename with an underscore (`_`) to ignore.
[33m[1m12:17:17[22m [WARN] [adapter][39m Cloudflare does not support sharp at runtime. However, you can configure `imageService: "compile"` to optimize images with sharp on prerendered pages during build time.
[2m12:17:18[22m [34m[content][39m Syncing content
[33m[1m12:17:18[22m [WARN] [glob-loader][39m No entry type found for using-mdx.mdx
[2m12:17:18[22m [34m[content][39m Synced content
[2m12:17:18[22m [34m[types][39m Generated [2m981ms[22m
[2m12:17:18[22m [34m[check][39m Getting diagnostics for Astro files in C:\Users\Poste\Desktop\SaaS Astro\freecipies-blog...
[96mastro.config.mjs[0m:[93m16[0m:[93m5[0m - [91merror[0m[90m ts(2353): [0mObject literal may only specify known properties, and 'mode' does not exist in type 'Options'.

[7m16[0m     mode: 'directory',
[7m  [0m [91m    ~~~~[0m

[96msrc/components/ArticleCard.astro[0m:[93m26[0m:[93m39[0m - [91merror[0m[90m ts(2339): [0mProperty 'title' does not exist on type 'Article'.

[7m26[0m             alt={image.alt || article.title}
[7m  [0m [91m                                      ~~~~~[0m
[96msrc/components/ArticleCard.astro[0m:[93m13[0m:[93m18[0m - [91merror[0m[90m ts(2339): [0mProperty 'title' does not exist on type 'Article'.

[7m13[0m     alt: article.title,
[7m  [0m [91m                 ~~~~~[0m

[96msrc/components/Header.astro[0m:[93m327[0m:[93m46[0m - [91merror[0m[90m ts(2339): [0mProperty 'focus' does not exist on type 'Element'.

[7m327[0m     document.querySelector('.search-input')?.focus();
[7m   [0m [91m                                             ~~~~~[0m

[96msrc/components/PinterestPins.astro[0m:[93m63[0m:[93m48[0m - [91merror[0m[90m ts(7006): [0mParameter 'pin' implicitly has an 'any' type.

[7m63[0m           {pins.filter(p => !p.is_primary).map(pin => (
[7m  [0m [91m                                               ~~~[0m
[96msrc/components/PinterestPins.astro[0m:[93m63[0m:[93m24[0m - [91merror[0m[90m ts(7006): [0mParameter 'p' implicitly has an 'any' type.

[7m63[0m           {pins.filter(p => !p.is_primary).map(pin => (
[7m  [0m [91m                       ~[0m
[96msrc/components/PinterestPins.astro[0m:[93m21[0m:[93m30[0m - [91merror[0m[90m ts(7006): [0mParameter 'p' implicitly has an 'any' type.

[7m21[0m const primaryPin = pins.find(p => p.is_primary) || pins[0];
[7m  [0m [91m                             ~[0m
[96msrc/components/PinterestPins.astro[0m:[93m8[0m:[93m20[0m - [93mwarning[0m[90m ts(6133): [0m'articleTitle' is declared but its value is never read.

[7m8[0m const { articleId, articleTitle, articleUrl } = Astro.props;
[7m [0m [93m                   ~~~~~~~~~~~~[0m
[96msrc/components/PinterestPins.astro[0m:[93m252[0m:[93m9[0m - [93mwarning[0m[90m astro(4000): [0mThis script will be treated as if it has the `is:inline` directive because it contains an attribute. Therefore, features that require processing (e.g. using TypeScript or npm packages in the script) are unavailable.

See docs for more details: https://docs.astro.build/en/guides/client-side-scripts/#script-processing.

Add the `is:inline` directive explicitly to silence this hint.

[7m252[0m <script async defer src="//assets.pinterest.com/js/pinit.js"></script>
[7m   [0m [93m        ~~~~~[0m

[96msrc/components/RecipeCard.astro[0m:[93m2[0m:[93m15[0m - [91merror[0m[90m ts(2305): [0mModule '"../types"' has no exported member 'Recipe'.

[7m2[0m import type { Recipe } from '../types';
[7m [0m [91m              ~~~~~~[0m

[96msrc/components/SEO.astro[0m:[93m132[0m:[93m11[0m - [93mwarning[0m[90m astro(4000): [0mThis script will be treated as if it has the `is:inline` directive because it contains an attribute. Therefore, features that require processing (e.g. using TypeScript or npm packages in the script) are unavailable.

See docs for more details: https://docs.astro.build/en/guides/client-side-scripts/#script-processing.

Add the `is:inline` directive explicitly to silence this hint.

[7m132[0m   <script type="application/ld+json" set:html={JSON.stringify({
[7m   [0m [93m          ~~~~[0m
[96msrc/components/SEO.astro[0m:[93m103[0m:[93m11[0m - [93mwarning[0m[90m astro(4000): [0mThis script will be treated as if it has the `is:inline` directive because it contains an attribute. Therefore, features that require processing (e.g. using TypeScript or npm packages in the script) are unavailable.

See docs for more details: https://docs.astro.build/en/guides/client-side-scripts/#script-processing.

Add the `is:inline` directive explicitly to silence this hint.

[7m103[0m   <script type="application/ld+json" set:html={JSON.stringify({
[7m   [0m [93m          ~~~~[0m
[96msrc/components/SEO.astro[0m:[93m88[0m:[93m11[0m - [93mwarning[0m[90m astro(4000): [0mThis script will be treated as if it has the `is:inline` directive because it contains an attribute. Therefore, features that require processing (e.g. using TypeScript or npm packages in the script) are unavailable.

See docs for more details: https://docs.astro.build/en/guides/client-side-scripts/#script-processing.

Add the `is:inline` directive explicitly to silence this hint.

[7m88[0m   <script type="application/ld+json" set:html={JSON.stringify({
[7m  [0m [93m          ~~~~[0m

[96msrc/components/admin/__tests__/ArticlesList.test.jsx[0m:[93m1[0m:[93m46[0m - [93mwarning[0m[90m ts(6133): [0m'within' is declared but its value is never read.

[7m1[0m import { render, screen, fireEvent, waitFor, within } from '@testing-library/react';
[7m [0m [93m                                             ~~~~~~[0m
[96msrc/components/admin/__tests__/ArticlesList.test.jsx[0m:[93m1[0m:[93m26[0m - [93mwarning[0m[90m ts(6133): [0m'fireEvent' is declared but its value is never read.

[7m1[0m import { render, screen, fireEvent, waitFor, within } from '@testing-library/react';
[7m [0m [93m                         ~~~~~~~~~[0m

[96msrc/components/admin/__tests__/DataTable.test.jsx[0m:[93m1[0m:[93m26[0m - [93mwarning[0m[90m ts(6133): [0m'fireEvent' is declared but its value is never read.

[7m1[0m import { render, screen, fireEvent, waitFor, within } from '@testing-library/react';
[7m [0m [93m                         ~~~~~~~~~[0m

[96msrc/components/admin/__tests__/MediaLibrary.test.jsx[0m:[93m1[0m:[93m46[0m - [93mwarning[0m[90m ts(6133): [0m'act' is declared but its value is never read.

[7m1[0m import { render, screen, fireEvent, waitFor, act } from '@testing-library/react';
[7m [0m [93m                                             ~~~[0m

[96msrc/components/admin/components/PinterestPinManager.jsx[0m:[93m2[0m:[93m41[0m - [93mwarning[0m[90m ts(6133): [0m'Eye' is declared but its value is never read.

[7m2[0m import { Upload, X, Star, GripVertical, Eye, Plus, Trash2, Edit2, Check } from 'lucide-react';
[7m [0m [93m                                        ~~~[0m
[96msrc/components/admin/components/PinterestPinManager.jsx[0m:[93m2[0m:[93m27[0m - [93mwarning[0m[90m ts(6133): [0m'GripVertical' is declared but its value is never read.

[7m2[0m import { Upload, X, Star, GripVertical, Eye, Plus, Trash2, Edit2, Check } from 'lucide-react';
[7m [0m [93m                          ~~~~~~~~~~~~[0m

[96msrc/components/admin/components/ui/data-table.jsx[0m:[93m10[0m:[93m50[0m - [93mwarning[0m[90m ts(6133): [0m'ArrowUpDown' is declared but its value is never read.

[7m10[0m import { ChevronDown, ChevronUp, ChevronsUpDown, ArrowUpDown } from 'lucide-react';
[7m  [0m [93m                                                 ~~~~~~~~~~~[0m

[96msrc/components/admin/pages/articles/ArticleEditor.jsx[0m:[93m3[0m:[93m32[0m - [93mwarning[0m[90m ts(6133): [0m'Code' is declared but its value is never read.

[7m3[0m import { Save, ArrowLeft, Eye, Code } from 'lucide-react';
[7m [0m [93m                               ~~~~[0m
[96msrc/components/admin/pages/articles/ArticleEditor.jsx[0m:[93m3[0m:[93m27[0m - [93mwarning[0m[90m ts(6133): [0m'Eye' is declared but its value is never read.

[7m3[0m import { Save, ArrowLeft, Eye, Code } from 'lucide-react';
[7m [0m [93m                          ~~~[0m

[96msrc/components/admin/pages/articles/ArticlesList.jsx[0m:[93m581[0m:[93m48[0m - [93mwarning[0m[90m ts(6133): [0m'key' is declared but its value is never read.

[7m581[0m     return Object.entries(localFilters).some(([key, value]) => {
[7m   [0m [93m                                               ~~~[0m
[96msrc/components/admin/pages/articles/ArticlesList.jsx[0m:[93m529[0m:[93m39[0m - [93mwarning[0m[90m ts(6133): [0m'slug' is declared but its value is never read.

[7m529[0m   const handleToggleFavorite = async (slug) => {
[7m   [0m [93m                                      ~~~~[0m
[96msrc/components/admin/pages/articles/ArticlesList.jsx[0m:[93m519[0m:[93m37[0m - [93mwarning[0m[90m ts(6133): [0m'slug' is declared but its value is never read.

[7m519[0m   const handleToggleOnline = async (slug) => {
[7m   [0m [93m                                    ~~~~[0m
[96msrc/components/admin/pages/articles/ArticlesList.jsx[0m:[93m506[0m:[93m31[0m - [93mwarning[0m[90m ts(6133): [0m'slug' is declared but its value is never read.

[7m506[0m   const handleDelete = async (slug) => {
[7m   [0m [93m                              ~~~~[0m
[96msrc/components/admin/pages/articles/ArticlesList.jsx[0m:[93m492[0m:[93m41[0m - [93mwarning[0m[90m ts(6133): [0m'online' is declared but its value is never read.

[7m492[0m   const handleBulkToggleOnline = async (online) => {
[7m   [0m [93m                                        ~~~~~~[0m
[96msrc/components/admin/pages/articles/ArticlesList.jsx[0m:[93m33[0m:[93m10[0m - [93mwarning[0m[90m ts(6133): [0m'articlesAPI' is declared but its value is never read.

[7m33[0m import { articlesAPI, categoriesAPI, authorsAPI, tagsAPI } from '../../services/api';
[7m  [0m [93m         ~~~~~~~~~~~[0m

[96msrc/components/admin/pages/auth/Login.jsx[0m:[93m23[0m:[93m11[0m - [93mwarning[0m[90m ts(6133): [0m'loading' is declared but its value is never read.

[7m23[0m     const loading = true;
[7m  [0m [93m          ~~~~~~~[0m

[96msrc/components/admin/pages/homepage/Homepage.jsx[0m:[93m247[0m:[93m9[0m - [93mwarning[0m[90m ts(6133): [0m'handleInputChange' is declared but its value is never read.

[7m247[0m   const handleInputChange = (field, value) => {
[7m   [0m [93m        ~~~~~~~~~~~~~~~~~[0m
[96msrc/components/admin/pages/homepage/Homepage.jsx[0m:[93m15[0m:[93m11[0m - [93mwarning[0m[90m ts(6133): [0m'homepage' is declared but its value is never read.

[7m15[0m   const { homepage, loading, error, setHomepage } = useHomepageStore();
[7m  [0m [93m          ~~~~~~~~[0m
[96msrc/components/admin/pages/homepage/Homepage.jsx[0m:[93m2[0m:[93m59[0m - [93mwarning[0m[90m ts(6133): [0m'GripVertical' is declared but its value is never read.

[7m2[0m import { Save, Home, Image, FileText, Star, Eye, Plus, X, GripVertical } from 'lucide-react';
[7m [0m [93m                                                          ~~~~~~~~~~~~[0m
[96msrc/components/admin/pages/homepage/Homepage.jsx[0m:[93m2[0m:[93m50[0m - [93mwarning[0m[90m ts(6133): [0m'Plus' is declared but its value is never read.

[7m2[0m import { Save, Home, Image, FileText, Star, Eye, Plus, X, GripVertical } from 'lucide-react';
[7m [0m [93m                                                 ~~~~[0m
[96msrc/components/admin/pages/homepage/Homepage.jsx[0m:[93m2[0m:[93m45[0m - [93mwarning[0m[90m ts(6133): [0m'Eye' is declared but its value is never read.

[7m2[0m import { Save, Home, Image, FileText, Star, Eye, Plus, X, GripVertical } from 'lucide-react';
[7m [0m [93m                                            ~~~[0m
[96msrc/components/admin/pages/homepage/Homepage.jsx[0m:[93m2[0m:[93m39[0m - [93mwarning[0m[90m ts(6133): [0m'Star' is declared but its value is never read.

[7m2[0m import { Save, Home, Image, FileText, Star, Eye, Plus, X, GripVertical } from 'lucide-react';
[7m [0m [93m                                      ~~~~[0m
[96msrc/components/admin/pages/homepage/Homepage.jsx[0m:[93m2[0m:[93m29[0m - [93mwarning[0m[90m ts(6133): [0m'FileText' is declared but its value is never read.

[7m2[0m import { Save, Home, Image, FileText, Star, Eye, Plus, X, GripVertical } from 'lucide-react';
[7m [0m [93m                            ~~~~~~~~[0m
[96msrc/components/admin/pages/homepage/Homepage.jsx[0m:[93m2[0m:[93m22[0m - [93mwarning[0m[90m ts(6133): [0m'Image' is declared but its value is never read.

[7m2[0m import { Save, Home, Image, FileText, Star, Eye, Plus, X, GripVertical } from 'lucide-react';
[7m [0m [93m                     ~~~~~[0m

[96msrc/components/admin/pages/media/MediaLibrary.jsx[0m:[93m59[0m:[93m21[0m - [93mwarning[0m[90m ts(6133): [0m'setSortOrder' is declared but its value is never read.

[7m59[0m   const [sortOrder, setSortOrder] = useState('desc'); // 'asc', 'desc'
[7m  [0m [93m                    ~~~~~~~~~~~~[0m
[96msrc/components/admin/pages/media/MediaLibrary.jsx[0m:[93m54[0m:[93m59[0m - [93mwarning[0m[90m ts(6133): [0m'setSelectedMedia' is declared but its value is never read.

[7m54[0m   const { media, selectedMedia, loading, error, setMedia, setSelectedMedia, toggleMediaSelection, clearSelection } = useMediaStore();
[7m  [0m [93m                                                          ~~~~~~~~~~~~~~~~[0m
[96msrc/components/admin/pages/media/MediaLibrary.jsx[0m:[93m54[0m:[93m42[0m - [93mwarning[0m[90m ts(6133): [0m'error' is declared but its value is never read.

[7m54[0m   const { media, selectedMedia, loading, error, setMedia, setSelectedMedia, toggleMediaSelection, clearSelection } = useMediaStore();
[7m  [0m [93m                                         ~~~~~[0m
[96msrc/components/admin/pages/media/MediaLibrary.jsx[0m:[93m27[0m:[93m1[0m - [93mwarning[0m[90m ts(6133): [0m'Badge' is declared but its value is never read.

[7m27[0m import { Badge } from '@/components/ui/badge.jsx';
[7m  [0m [93m~~~~~~~~~~~~~~~~~~~~~~~~~~~~~~~~~~~~~~~~~~~~~~~~~~[0m
[96msrc/components/admin/pages/media/MediaLibrary.jsx[0m:[93m26[0m:[93m58[0m - [93mwarning[0m[90m ts(6133): [0m'CardTitle' is declared but its value is never read.

[7m26[0m import { Card, CardContent, CardDescription, CardHeader, CardTitle } from '@/components/ui/card.jsx';
[7m  [0m [93m                                                         ~~~~~~~~~[0m
[96msrc/components/admin/pages/media/MediaLibrary.jsx[0m:[93m26[0m:[93m46[0m - [93mwarning[0m[90m ts(6133): [0m'CardHeader' is declared but its value is never read.

[7m26[0m import { Card, CardContent, CardDescription, CardHeader, CardTitle } from '@/components/ui/card.jsx';
[7m  [0m [93m                                             ~~~~~~~~~~[0m
[96msrc/components/admin/pages/media/MediaLibrary.jsx[0m:[93m26[0m:[93m29[0m - [93mwarning[0m[90m ts(6133): [0m'CardDescription' is declared but its value is never read.

[7m26[0m import { Card, CardContent, CardDescription, CardHeader, CardTitle } from '@/components/ui/card.jsx';
[7m  [0m [93m                            ~~~~~~~~~~~~~~~[0m
[96msrc/components/admin/pages/media/MediaLibrary.jsx[0m:[93m25[0m:[93m1[0m - [93mwarning[0m[90m ts(6192): [0mAll imports in import declaration are unused.

[7m25[0m import { Tabs, TabsContent, TabsList, TabsTrigger } from '@/components/ui/tabs.jsx';
[7m  [0m [93m~~~~~~~~~~~~~~~~~~~~~~~~~~~~~~~~~~~~~~~~~~~~~~~~~~~~~~~~~~~~~~~~~~~~~~~~~~~~~~~~~~~~[0m
[96msrc/components/admin/pages/media/MediaLibrary.jsx[0m:[93m24[0m:[93m1[0m - [93mwarning[0m[90m ts(6133): [0m'Textarea' is declared but its value is never read.

[7m24[0m import { Textarea } from '@/components/ui/textarea.jsx';
[7m  [0m [93m~~~~~~~~~~~~~~~~~~~~~~~~~~~~~~~~~~~~~~~~~~~~~~~~~~~~~~~~[0m
[96msrc/components/admin/pages/media/MediaLibrary.jsx[0m:[93m23[0m:[93m1[0m - [93mwarning[0m[90m ts(6133): [0m'Label' is declared but its value is never read.

[7m23[0m import { Label } from '@/components/ui/label.jsx';
[7m  [0m [93m~~~~~~~~~~~~~~~~~~~~~~~~~~~~~~~~~~~~~~~~~~~~~~~~~~[0m
[96msrc/components/admin/pages/media/MediaLibrary.jsx[0m:[93m18[0m:[93m3[0m - [93mwarning[0m[90m ts(6133): [0m'Plus' is declared but its value is never read.

[7m18[0m   Plus,
[7m  [0m [93m  ~~~~[0m
[96msrc/components/admin/pages/media/MediaLibrary.jsx[0m:[93m13[0m:[93m3[0m - [93mwarning[0m[90m ts(6133): [0m'X' is declared but its value is never read.

[7m13[0m   X,
[7m  [0m [93m  ~[0m
[96msrc/components/admin/pages/media/MediaLibrary.jsx[0m:[93m5[0m:[93m3[0m - [93mwarning[0m[90m ts(6133): [0m'Filter' is declared but its value is never read.

[7m5[0m   Filter,
[7m [0m [93m  ~~~~~~[0m

[96msrc/components/admin/pages/settings/Settings.jsx[0m:[93m15[0m:[93m11[0m - [93mwarning[0m[90m ts(6133): [0m'settings' is declared but its value is never read.

[7m15[0m   const { settings, loading, error, setSettings } = useSettingsStore();
[7m  [0m [93m          ~~~~~~~~[0m
[96msrc/components/admin/pages/settings/Settings.jsx[0m:[93m2[0m:[93m108[0m - [93mwarning[0m[90m ts(6133): [0m'DollarSign' is declared but its value is never read.

[7m2[0m import { Save, Settings as SettingsIcon, Mail, Globe, Shield, Database, Palette, CheckCircle, AlertCircle, DollarSign } from 'lucide-react';
[7m [0m [93m                                                                                                           ~~~~~~~~~~[0m
[96msrc/components/admin/pages/settings/Settings.jsx[0m:[93m2[0m:[93m73[0m - [93mwarning[0m[90m ts(6133): [0m'Palette' is declared but its value is never read.

[7m2[0m import { Save, Settings as SettingsIcon, Mail, Globe, Shield, Database, Palette, CheckCircle, AlertCircle, DollarSign } from 'lucide-react';
[7m [0m [93m                                                                        ~~~~~~~[0m
[96msrc/components/admin/pages/settings/Settings.jsx[0m:[93m2[0m:[93m63[0m - [93mwarning[0m[90m ts(6133): [0m'Database' is declared but its value is never read.

[7m2[0m import { Save, Settings as SettingsIcon, Mail, Globe, Shield, Database, Palette, CheckCircle, AlertCircle, DollarSign } from 'lucide-react';
[7m [0m [93m                                                              ~~~~~~~~[0m
[96msrc/components/admin/pages/settings/Settings.jsx[0m:[93m2[0m:[93m55[0m - [93mwarning[0m[90m ts(6133): [0m'Shield' is declared but its value is never read.

[7m2[0m import { Save, Settings as SettingsIcon, Mail, Globe, Shield, Database, Palette, CheckCircle, AlertCircle, DollarSign } from 'lucide-react';
[7m [0m [93m                                                      ~~~~~~[0m
[96msrc/components/admin/pages/settings/Settings.jsx[0m:[93m2[0m:[93m48[0m - [93mwarning[0m[90m ts(6133): [0m'Globe' is declared but its value is never read.

[7m2[0m import { Save, Settings as SettingsIcon, Mail, Globe, Shield, Database, Palette, CheckCircle, AlertCircle, DollarSign } from 'lucide-react';
[7m [0m [93m                                               ~~~~~[0m
[96msrc/components/admin/pages/settings/Settings.jsx[0m:[93m2[0m:[93m42[0m - [93mwarning[0m[90m ts(6133): [0m'Mail' is declared but its value is never read.

[7m2[0m import { Save, Settings as SettingsIcon, Mail, Globe, Shield, Database, Palette, CheckCircle, AlertCircle, DollarSign } from 'lucide-react';
[7m [0m [93m                                         ~~~~[0m

[96msrc/components/admin/pages/tags/TagsList.jsx[0m:[93m6[0m:[93m1[0m - [93mwarning[0m[90m ts(6133): [0m'Badge' is declared but its value is never read.

[7m6[0m import { Badge } from '@/components/ui/badge.jsx';
[7m [0m [93m~~~~~~~~~~~~~~~~~~~~~~~~~~~~~~~~~~~~~~~~~~~~~~~~~~[0m

[96msrc/components/admin/utils/helpers.js[0m:[93m218[0m:[93m63[0m - [93mwarning[0m[90m ts(6385): [0m'(from: number, length?: number | undefined): string' is deprecated.

[7m218[0m   return Date.now().toString(36) + Math.random().toString(36).substr(2);
[7m   [0m [93m                                                              ~~~~~~[0m

[96msrc/layouts/Layout.astro[0m:[93m19[0m:[93m55[0m - [91merror[0m[90m ts(2322): [0mType 'string | undefined' is not assignable to type 'ImageMetadata | undefined'.
  Type 'string' is not assignable to type 'ImageMetadata'.

[7m19[0m     <BaseHead title={title} description={description} image={image} />
[7m  [0m [91m                                                      ~~~~~[0m

[96msrc/layouts/RecipeLayout.astro[0m:[93m4[0m:[93m1[0m - [93mwarning[0m[90m ts(6133): [0m'formatTime' is declared but its value is never read.

[7m4[0m import { formatTime } from '../lib/utils';
[7m [0m [93m~~~~~~~~~~~~~~~~~~~~~~~~~~~~~~~~~~~~~~~~~~[0m

[96msrc/lib/logging.ts[0m:[93m76[0m:[93m37[0m - [93mwarning[0m[90m ts(6133): [0m'config' is declared but its value is never read.

[7m76[0m export function createRequestLogger(config: LoggerConfig = DEFAULT_CONFIG) {
[7m  [0m [93m                                    ~~~~~~[0m

[96msrc/lib/middleware.ts[0m:[93m1[0m:[93m1[0m - [93mwarning[0m[90m ts(6133): [0m'APIRoute' is declared but its value is never read.

[7m1[0m import type { APIRoute } from 'astro';
[7m [0m [93m~~~~~~~~~~~~~~~~~~~~~~~~~~~~~~~~~~~~~~[0m

[96msrc/pages/api/articles.ts[0m:[93m117[0m:[93m27[0m - [91merror[0m[90m ts(2339): [0mProperty 'JWT_SECRET' does not exist on type 'Env'.

[7m117[0m     const jwtSecret = env.JWT_SECRET || import.meta.env.JWT_SECRET;
[7m   [0m [91m                          ~~~~~~~~~~[0m
[96msrc/pages/api/articles.ts[0m:[93m91[0m:[93m27[0m - [91merror[0m[90m ts(2339): [0mProperty 'JWT_SECRET' does not exist on type 'Env'.

[7m91[0m     const jwtSecret = env.JWT_SECRET || import.meta.env.JWT_SECRET;
[7m  [0m [91m                          ~~~~~~~~~~[0m
[96msrc/pages/api/articles.ts[0m:[93m124[0m:[93m11[0m - [93mwarning[0m[90m ts(6133): [0m'url' is declared but its value is never read.

[7m124[0m     const url = new URL(request.url);
[7m   [0m [93m          ~~~[0m
[96msrc/pages/api/articles.ts[0m:[93m3[0m:[93m64[0m - [93mwarning[0m[90m ts(6133): [0m'deleteArticle' is declared but its value is never read.

[7m3[0m   getArticles, getArticleBySlug, createArticle, updateArticle, deleteArticle,
[7m [0m [93m                                                               ~~~~~~~~~~~~~[0m
[96msrc/pages/api/articles.ts[0m:[93m3[0m:[93m49[0m - [93mwarning[0m[90m ts(6133): [0m'updateArticle' is declared but its value is never read.

[7m3[0m   getArticles, getArticleBySlug, createArticle, updateArticle, deleteArticle,
[7m [0m [93m                                                ~~~~~~~~~~~~~[0m

[96msrc/pages/api/authors.ts[0m:[93m45[0m:[93m27[0m - [91merror[0m[90m ts(2339): [0mProperty 'JWT_SECRET' does not exist on type 'Env'.

[7m45[0m     const jwtSecret = env.JWT_SECRET || import.meta.env.JWT_SECRET;
[7m  [0m [91m                          ~~~~~~~~~~[0m
[96msrc/pages/api/authors.ts[0m:[93m12[0m:[93m39[0m - [93mwarning[0m[90m ts(6133): [0m'request' is declared but its value is never read.

[7m12[0m export const GET: APIRoute = async ({ request, locals }) => {
[7m  [0m [93m                                      ~~~~~~~[0m

[96msrc/pages/api/categories.ts[0m:[93m45[0m:[93m27[0m - [91merror[0m[90m ts(2339): [0mProperty 'JWT_SECRET' does not exist on type 'Env'.

[7m45[0m     const jwtSecret = env.JWT_SECRET || import.meta.env.JWT_SECRET;
[7m  [0m [91m                          ~~~~~~~~~~[0m
[96msrc/pages/api/categories.ts[0m:[93m12[0m:[93m39[0m - [93mwarning[0m[90m ts(6133): [0m'request' is declared but its value is never read.

[7m12[0m export const GET: APIRoute = async ({ request, locals }) => {
[7m  [0m [93m                                      ~~~~~~~[0m

[96msrc/pages/api/pins.ts[0m:[93m171[0m:[93m49[0m - [91merror[0m[90m ts(18046): [0m'error' is of type 'unknown'.

[7m171[0m     return new Response(JSON.stringify({ error: error.message }), {
[7m   [0m [91m                                                ~~~~~[0m
[96msrc/pages/api/pins.ts[0m:[93m143[0m:[93m49[0m - [91merror[0m[90m ts(18046): [0m'error' is of type 'unknown'.

[7m143[0m     return new Response(JSON.stringify({ error: error.message }), {
[7m   [0m [91m                                                ~~~~~[0m
[96msrc/pages/api/pins.ts[0m:[93m81[0m:[93m49[0m - [91merror[0m[90m ts(18046): [0m'error' is of type 'unknown'.

[7m81[0m     return new Response(JSON.stringify({ error: error.message }), {
[7m  [0m [91m                                                ~~~~~[0m
[96msrc/pages/api/pins.ts[0m:[93m28[0m:[93m49[0m - [91merror[0m[90m ts(18046): [0m'error' is of type 'unknown'.

[7m28[0m     return new Response(JSON.stringify({ error: error.message }), {
[7m  [0m [91m                                                ~~~~~[0m

[96msrc/pages/api/pinterest-boards.ts[0m:[93m135[0m:[93m49[0m - [91merror[0m[90m ts(18046): [0m'error' is of type 'unknown'.

[7m135[0m     return new Response(JSON.stringify({ error: error.message }), {
[7m   [0m [91m                                                ~~~~~[0m
[96msrc/pages/api/pinterest-boards.ts[0m:[93m107[0m:[93m49[0m - [91merror[0m[90m ts(18046): [0m'error' is of type 'unknown'.

[7m107[0m     return new Response(JSON.stringify({ error: error.message }), {
[7m   [0m [91m                                                ~~~~~[0m
[96msrc/pages/api/pinterest-boards.ts[0m:[93m75[0m:[93m49[0m - [91merror[0m[90m ts(18046): [0m'error' is of type 'unknown'.

[7m75[0m     return new Response(JSON.stringify({ error: error.message }), {
[7m  [0m [91m                                                ~~~~~[0m
[96msrc/pages/api/pinterest-boards.ts[0m:[93m41[0m:[93m49[0m - [91merror[0m[90m ts(18046): [0m'error' is of type 'unknown'.

[7m41[0m     return new Response(JSON.stringify({ error: error.message }), {
[7m  [0m [91m                                                ~~~~~[0m

[96msrc/pages/api/tags.ts[0m:[93m45[0m:[93m27[0m - [91merror[0m[90m ts(2339): [0mProperty 'JWT_SECRET' does not exist on type 'Env'.

[7m45[0m     const jwtSecret = env.JWT_SECRET || import.meta.env.JWT_SECRET;
[7m  [0m [91m                          ~~~~~~~~~~[0m
[96msrc/pages/api/tags.ts[0m:[93m3[0m:[93m3[0m - [91merror[0m[90m ts(2305): [0mModule '"../../lib/db"' has no exported member 'getTags'.

[7m3[0m   getTags, createTag, type Env
[7m [0m [91m  ~~~~~~~[0m
[96msrc/pages/api/tags.ts[0m:[93m12[0m:[93m39[0m - [93mwarning[0m[90m ts(6133): [0m'request' is declared but its value is never read.

[7m12[0m export const GET: APIRoute = async ({ request, locals }) => {
[7m  [0m [93m                                      ~~~~~~~[0m

[96msrc/pages/api/articles/[slug].ts[0m:[93m100[0m:[93m31[0m - [91merror[0m[90m ts(2339): [0mProperty 'JWT_SECRET' does not exist on type 'Env'.

[7m100[0m         const jwtSecret = env.JWT_SECRET || import.meta.env.JWT_SECRET;
[7m   [0m [91m                              ~~~~~~~~~~[0m
[96msrc/pages/api/articles/[slug].ts[0m:[93m64[0m:[93m31[0m - [91merror[0m[90m ts(2339): [0mProperty 'JWT_SECRET' does not exist on type 'Env'.

[7m64[0m         const jwtSecret = env.JWT_SECRET || import.meta.env.JWT_SECRET;
[7m  [0m [91m                              ~~~~~~~~~~[0m
[96msrc/pages/api/articles/[slug].ts[0m:[93m12[0m:[93m39[0m - [93mwarning[0m[90m ts(6133): [0m'request' is declared but its value is never read.

[7m12[0m export const GET: APIRoute = async ({ request, params, locals }) => {
[7m  [0m [93m                                      ~~~~~~~[0m

[96msrc/pages/api/authors/[slug].ts[0m:[93m100[0m:[93m31[0m - [91merror[0m[90m ts(2339): [0mProperty 'JWT_SECRET' does not exist on type 'Env'.

[7m100[0m         const jwtSecret = env.JWT_SECRET || import.meta.env.JWT_SECRET;
[7m   [0m [91m                              ~~~~~~~~~~[0m
[96msrc/pages/api/authors/[slug].ts[0m:[93m64[0m:[93m31[0m - [91merror[0m[90m ts(2339): [0mProperty 'JWT_SECRET' does not exist on type 'Env'.

[7m64[0m         const jwtSecret = env.JWT_SECRET || import.meta.env.JWT_SECRET;
[7m  [0m [91m                              ~~~~~~~~~~[0m
[96msrc/pages/api/authors/[slug].ts[0m:[93m12[0m:[93m39[0m - [93mwarning[0m[90m ts(6133): [0m'request' is declared but its value is never read.

[7m12[0m export const GET: APIRoute = async ({ request, params, locals }) => {
[7m  [0m [93m                                      ~~~~~~~[0m

[96msrc/pages/api/categories/[slug].ts[0m:[93m100[0m:[93m31[0m - [91merror[0m[90m ts(2339): [0mProperty 'JWT_SECRET' does not exist on type 'Env'.

[7m100[0m         const jwtSecret = env.JWT_SECRET || import.meta.env.JWT_SECRET;
[7m   [0m [91m                              ~~~~~~~~~~[0m
[96msrc/pages/api/categories/[slug].ts[0m:[93m64[0m:[93m31[0m - [91merror[0m[90m ts(2339): [0mProperty 'JWT_SECRET' does not exist on type 'Env'.

[7m64[0m         const jwtSecret = env.JWT_SECRET || import.meta.env.JWT_SECRET;
[7m  [0m [91m                              ~~~~~~~~~~[0m
[96msrc/pages/api/categories/[slug].ts[0m:[93m12[0m:[93m39[0m - [93mwarning[0m[90m ts(6133): [0m'request' is declared but its value is never read.

[7m12[0m export const GET: APIRoute = async ({ request, params, locals }) => {
[7m  [0m [93m                                      ~~~~~~~[0m

[96msrc/pages/api/stats/dashboard.ts[0m:[93m15[0m:[93m31[0m - [91merror[0m[90m ts(2339): [0mProperty 'JWT_SECRET' does not exist on type 'Env'.

[7m15[0m         const jwtSecret = env.JWT_SECRET || import.meta.env.JWT_SECRET;
[7m  [0m [91m                              ~~~~~~~~~~[0m

[96msrc/pages/api/tags/[slug].ts[0m:[93m131[0m:[93m31[0m - [91merror[0m[90m ts(2339): [0mProperty 'JWT_SECRET' does not exist on type 'Env'.

[7m131[0m         const jwtSecret = env.JWT_SECRET || import.meta.env.JWT_SECRET;
[7m   [0m [91m                              ~~~~~~~~~~[0m
[96msrc/pages/api/tags/[slug].ts[0m:[93m95[0m:[93m31[0m - [91merror[0m[90m ts(2339): [0mProperty 'JWT_SECRET' does not exist on type 'Env'.

[7m95[0m         const jwtSecret = env.JWT_SECRET || import.meta.env.JWT_SECRET;
[7m  [0m [91m                              ~~~~~~~~~~[0m
[96msrc/pages/api/tags/[slug].ts[0m:[93m43[0m:[93m39[0m - [93mwarning[0m[90m ts(6133): [0m'request' is declared but its value is never read.

[7m43[0m export const GET: APIRoute = async ({ request, params, locals }) => {
[7m  [0m [93m                                      ~~~~~~~[0m

[96msrc/pages/recipes/[slug].astro[0m:[93m9[0m:[93m3[0m - [93mwarning[0m[90m ts(6133): [0m'formatErrorResponse' is declared but its value is never read.

[7m9[0m   formatErrorResponse,
[7m [0m [93m  ~~~~~~~~~~~~~~~~~~~[0m
[96msrc/pages/recipes/[slug].astro[0m:[93m8[0m:[93m3[0m - [93mwarning[0m[90m ts(6133): [0m'ErrorCodes' is declared but its value is never read.

[7m8[0m   ErrorCodes,
[7m [0m [93m  ~~~~~~~~~~[0m

[96msrc/pages/rss/pinterest.xml.ts[0m:[93m73[0m:[93m49[0m - [91merror[0m[90m ts(2345): [0mArgument of type '{}' is not assignable to parameter of type 'string'.

[7m73[0m       ${pin.board_name ? `<category>${escapeXml(pin.board_name)}</category>` : ''}
[7m  [0m [91m                                                ~~~~~~~~~~~~~~[0m
[96msrc/pages/rss/pinterest.xml.ts[0m:[93m72[0m:[93m54[0m - [91merror[0m[90m ts(2345): [0mArgument of type '{}' is not assignable to parameter of type 'string'.

[7m72[0m       ${pin.article_label ? `<dc:creator>${escapeXml(pin.article_label)}</dc:creator>` : ''}
[7m  [0m [91m                                                     ~~~~~~~~~~~~~~~~~[0m
[96msrc/pages/rss/pinterest.xml.ts[0m:[93m71[0m:[93m35[0m - [91merror[0m[90m ts(2345): [0mArgument of type 'unknown' is not assignable to parameter of type 'string'.

[7m71[0m       <enclosure url="${escapeXml(pin.image_url)}" type="image/jpeg" length="0"/>
[7m  [0m [91m                                  ~~~~~~~~~~~~~[0m
[96msrc/pages/rss/pinterest.xml.ts[0m:[93m69[0m:[93m65[0m - [91merror[0m[90m ts(2345): [0mArgument of type '{}' is not assignable to parameter of type 'string'.

[7m69[0m         ${pin.image_alt ? `<media:text type="plain">${escapeXml(pin.image_alt)}</media:text>` : ''}
[7m  [0m [91m                                                                ~~~~~~~~~~~~~[0m
[96msrc/pages/rss/pinterest.xml.ts[0m:[93m68[0m:[93m40[0m - [91merror[0m[90m ts(2345): [0mArgument of type 'unknown' is not assignable to parameter of type 'string'.

[7m68[0m         <media:description>${escapeXml(pin.description)}</media:description>
[7m  [0m [91m                                       ~~~~~~~~~~~~~~~[0m
[96msrc/pages/rss/pinterest.xml.ts[0m:[93m67[0m:[93m34[0m - [91merror[0m[90m ts(2345): [0mArgument of type 'unknown' is not assignable to parameter of type 'string'.

[7m67[0m         <media:title>${escapeXml(pin.title)}</media:title>
[7m  [0m [91m                                 ~~~~~~~~~[0m
[96msrc/pages/rss/pinterest.xml.ts[0m:[93m66[0m:[93m39[0m - [91merror[0m[90m ts(2345): [0mArgument of type 'unknown' is not assignable to parameter of type 'string'.

[7m66[0m       <media:content url="${escapeXml(pin.image_url)}" type="image/jpeg" width="${pin.image_width}" height="${pin.image_height}">
[7m  [0m [91m                                      ~~~~~~~~~~~~~[0m
[96msrc/pages/rss/pinterest.xml.ts[0m:[93m64[0m:[93m32[0m - [91merror[0m[90m ts(2345): [0mArgument of type 'unknown' is not assignable to parameter of type 'string'.

[7m64[0m       <description>${escapeXml(pin.description)}</description>
[7m  [0m [91m                               ~~~~~~~~~~~~~~~[0m
[96msrc/pages/rss/pinterest.xml.ts[0m:[93m61[0m:[93m26[0m - [91merror[0m[90m ts(2345): [0mArgument of type 'unknown' is not assignable to parameter of type 'string'.

[7m61[0m       <title>${escapeXml(pin.title)}</title>
[7m  [0m [91m                         ~~~~~~~~~[0m
[96msrc/pages/rss/pinterest.xml.ts[0m:[93m56[0m:[93m20[0m - [91merror[0m[90m ts(2769): [0mNo overload matches this call.
  Overload 1 of 5, '(value: string | number | Date): Date', gave the following error.
    Argument of type '{}' is not assignable to parameter of type 'string | number | Date'.
  Overload 2 of 5, '(vd: VarDate): Date', gave the following error.
    Argument of type '{}' is not assignable to parameter of type 'VarDate'.
      Property 'VarDate_typekey' is missing in type '{}' but required in type 'VarDate'.
  Overload 3 of 5, '(value: string | number): Date', gave the following error.
    Argument of type '{}' is not assignable to parameter of type 'string | number'.

[7m56[0m         ? new Date(pin.created_at).toUTCString()
[7m  [0m [91m                   ~~~~~~~~~~~~~~[0m

[96msrc/pages/rss/recipes.xml.ts[0m:[93m42[0m:[93m7[0m - [91merror[0m[90m ts(7005): [0mVariable 'articles' implicitly has an 'any[]' type.

[7m42[0m     ${articles.map(article => `
[7m  [0m [91m      ~~~~~~~~[0m
[96msrc/pages/rss/recipes.xml.ts[0m:[93m10[0m:[93m9[0m - [91merror[0m[90m ts(7034): [0mVariable 'articles' implicitly has type 'any[]' in some locations where its type cannot be determined.

[7m10[0m     let articles = [];
[7m  [0m [91m        ~~~~~~~~[0m

[96mtemp-admin-panel/vite.config.js[0m:[93m4[0m:[93m1[0m - [93mwarning[0m[90m ts(6133): [0m'path' is declared but its value is never read.

[7m4[0m import path from 'path'
[7m [0m [93m~~~~~~~~~~~~~~~~~~~~~~~[0m

[96mtemp-admin-panel/src/__tests__/ArticlesList.test.jsx[0m:[93m1[0m:[93m46[0m - [93mwarning[0m[90m ts(6133): [0m'within' is declared but its value is never read.

[7m1[0m import { render, screen, fireEvent, waitFor, within } from '@testing-library/react';
[7m [0m [93m                                             ~~~~~~[0m
[96mtemp-admin-panel/src/__tests__/ArticlesList.test.jsx[0m:[93m1[0m:[93m26[0m - [93mwarning[0m[90m ts(6133): [0m'fireEvent' is declared but its value is never read.

[7m1[0m import { render, screen, fireEvent, waitFor, within } from '@testing-library/react';
[7m [0m [93m                         ~~~~~~~~~[0m

[96mtemp-admin-panel/src/__tests__/DataTable.test.jsx[0m:[93m1[0m:[93m26[0m - [93mwarning[0m[90m ts(6133): [0m'fireEvent' is declared but its value is never read.

[7m1[0m import { render, screen, fireEvent, waitFor, within } from '@testing-library/react';
[7m [0m [93m                         ~~~~~~~~~[0m

[96mtemp-admin-panel/src/__tests__/MediaLibrary.test.jsx[0m:[93m1[0m:[93m46[0m - [93mwarning[0m[90m ts(6133): [0m'act' is declared but its value is never read.

[7m1[0m import { render, screen, fireEvent, waitFor, act } from '@testing-library/react';
[7m [0m [93m                                             ~~~[0m

[96mtemp-admin-panel/src/components/PinterestPinManager.jsx[0m:[93m2[0m:[93m41[0m - [93mwarning[0m[90m ts(6133): [0m'Eye' is declared but its value is never read.

[7m2[0m import { Upload, X, Star, GripVertical, Eye, Plus, Trash2, Edit2, Check } from 'lucide-react';
[7m [0m [93m                                        ~~~[0m
[96mtemp-admin-panel/src/components/PinterestPinManager.jsx[0m:[93m2[0m:[93m27[0m - [93mwarning[0m[90m ts(6133): [0m'GripVertical' is declared but its value is never read.

[7m2[0m import { Upload, X, Star, GripVertical, Eye, Plus, Trash2, Edit2, Check } from 'lucide-react';
[7m [0m [93m                          ~~~~~~~~~~~~[0m

[96mtemp-admin-panel/src/components/ui/data-table.jsx[0m:[93m10[0m:[93m50[0m - [93mwarning[0m[90m ts(6133): [0m'ArrowUpDown' is declared but its value is never read.

[7m10[0m import { ChevronDown, ChevronUp, ChevronsUpDown, ArrowUpDown } from 'lucide-react';
[7m  [0m [93m                                                 ~~~~~~~~~~~[0m

[96mtemp-admin-panel/src/pages/articles/ArticleEditor.jsx[0m:[93m3[0m:[93m32[0m - [93mwarning[0m[90m ts(6133): [0m'Code' is declared but its value is never read.

[7m3[0m import { Save, ArrowLeft, Eye, Code } from 'lucide-react';
[7m [0m [93m                               ~~~~[0m
[96mtemp-admin-panel/src/pages/articles/ArticleEditor.jsx[0m:[93m3[0m:[93m27[0m - [93mwarning[0m[90m ts(6133): [0m'Eye' is declared but its value is never read.

[7m3[0m import { Save, ArrowLeft, Eye, Code } from 'lucide-react';
[7m [0m [93m                          ~~~[0m

[96mtemp-admin-panel/src/pages/articles/ArticlesList.jsx[0m:[93m581[0m:[93m48[0m - [93mwarning[0m[90m ts(6133): [0m'key' is declared but its value is never read.

[7m581[0m     return Object.entries(localFilters).some(([key, value]) => {
[7m   [0m [93m                                               ~~~[0m
[96mtemp-admin-panel/src/pages/articles/ArticlesList.jsx[0m:[93m529[0m:[93m39[0m - [93mwarning[0m[90m ts(6133): [0m'slug' is declared but its value is never read.

[7m529[0m   const handleToggleFavorite = async (slug) => {
[7m   [0m [93m                                      ~~~~[0m
[96mtemp-admin-panel/src/pages/articles/ArticlesList.jsx[0m:[93m519[0m:[93m37[0m - [93mwarning[0m[90m ts(6133): [0m'slug' is declared but its value is never read.

[7m519[0m   const handleToggleOnline = async (slug) => {
[7m   [0m [93m                                    ~~~~[0m
[96mtemp-admin-panel/src/pages/articles/ArticlesList.jsx[0m:[93m506[0m:[93m31[0m - [93mwarning[0m[90m ts(6133): [0m'slug' is declared but its value is never read.

[7m506[0m   const handleDelete = async (slug) => {
[7m   [0m [93m                              ~~~~[0m
[96mtemp-admin-panel/src/pages/articles/ArticlesList.jsx[0m:[93m492[0m:[93m41[0m - [93mwarning[0m[90m ts(6133): [0m'online' is declared but its value is never read.

[7m492[0m   const handleBulkToggleOnline = async (online) => {
[7m   [0m [93m                                        ~~~~~~[0m
[96mtemp-admin-panel/src/pages/articles/ArticlesList.jsx[0m:[93m33[0m:[93m10[0m - [93mwarning[0m[90m ts(6133): [0m'articlesAPI' is declared but its value is never read.

[7m33[0m import { articlesAPI, categoriesAPI, authorsAPI, tagsAPI } from '../../services/api';
[7m  [0m [93m         ~~~~~~~~~~~[0m

[96mtemp-admin-panel/src/pages/auth/Login.jsx[0m:[93m23[0m:[93m11[0m - [93mwarning[0m[90m ts(6133): [0m'loading' is declared but its value is never read.

[7m23[0m     const loading = true;
[7m  [0m [93m          ~~~~~~~[0m

[96mtemp-admin-panel/src/pages/homepage/Homepage.jsx[0m:[93m247[0m:[93m9[0m - [93mwarning[0m[90m ts(6133): [0m'handleInputChange' is declared but its value is never read.

[7m247[0m   const handleInputChange = (field, value) => {
[7m   [0m [93m        ~~~~~~~~~~~~~~~~~[0m
[96mtemp-admin-panel/src/pages/homepage/Homepage.jsx[0m:[93m15[0m:[93m11[0m - [93mwarning[0m[90m ts(6133): [0m'homepage' is declared but its value is never read.

[7m15[0m   const { homepage, loading, error, setHomepage } = useHomepageStore();
[7m  [0m [93m          ~~~~~~~~[0m
[96mtemp-admin-panel/src/pages/homepage/Homepage.jsx[0m:[93m2[0m:[93m59[0m - [93mwarning[0m[90m ts(6133): [0m'GripVertical' is declared but its value is never read.

[7m2[0m import { Save, Home, Image, FileText, Star, Eye, Plus, X, GripVertical } from 'lucide-react';
[7m [0m [93m                                                          ~~~~~~~~~~~~[0m
[96mtemp-admin-panel/src/pages/homepage/Homepage.jsx[0m:[93m2[0m:[93m50[0m - [93mwarning[0m[90m ts(6133): [0m'Plus' is declared but its value is never read.

[7m2[0m import { Save, Home, Image, FileText, Star, Eye, Plus, X, GripVertical } from 'lucide-react';
[7m [0m [93m                                                 ~~~~[0m
[96mtemp-admin-panel/src/pages/homepage/Homepage.jsx[0m:[93m2[0m:[93m45[0m - [93mwarning[0m[90m ts(6133): [0m'Eye' is declared but its value is never read.

[7m2[0m import { Save, Home, Image, FileText, Star, Eye, Plus, X, GripVertical } from 'lucide-react';
[7m [0m [93m                                            ~~~[0m
[96mtemp-admin-panel/src/pages/homepage/Homepage.jsx[0m:[93m2[0m:[93m39[0m - [93mwarning[0m[90m ts(6133): [0m'Star' is declared but its value is never read.

[7m2[0m import { Save, Home, Image, FileText, Star, Eye, Plus, X, GripVertical } from 'lucide-react';
[7m [0m [93m                                      ~~~~[0m
[96mtemp-admin-panel/src/pages/homepage/Homepage.jsx[0m:[93m2[0m:[93m29[0m - [93mwarning[0m[90m ts(6133): [0m'FileText' is declared but its value is never read.

[7m2[0m import { Save, Home, Image, FileText, Star, Eye, Plus, X, GripVertical } from 'lucide-react';
[7m [0m [93m                            ~~~~~~~~[0m
[96mtemp-admin-panel/src/pages/homepage/Homepage.jsx[0m:[93m2[0m:[93m22[0m - [93mwarning[0m[90m ts(6133): [0m'Image' is declared but its value is never read.

[7m2[0m import { Save, Home, Image, FileText, Star, Eye, Plus, X, GripVertical } from 'lucide-react';
[7m [0m [93m                     ~~~~~[0m

[96mtemp-admin-panel/src/pages/media/MediaLibrary.jsx[0m:[93m59[0m:[93m21[0m - [93mwarning[0m[90m ts(6133): [0m'setSortOrder' is declared but its value is never read.

[7m59[0m   const [sortOrder, setSortOrder] = useState('desc'); // 'asc', 'desc'
[7m  [0m [93m                    ~~~~~~~~~~~~[0m
[96mtemp-admin-panel/src/pages/media/MediaLibrary.jsx[0m:[93m54[0m:[93m59[0m - [93mwarning[0m[90m ts(6133): [0m'setSelectedMedia' is declared but its value is never read.

[7m54[0m   const { media, selectedMedia, loading, error, setMedia, setSelectedMedia, toggleMediaSelection, clearSelection } = useMediaStore();
[7m  [0m [93m                                                          ~~~~~~~~~~~~~~~~[0m
[96mtemp-admin-panel/src/pages/media/MediaLibrary.jsx[0m:[93m54[0m:[93m42[0m - [93mwarning[0m[90m ts(6133): [0m'error' is declared but its value is never read.

[7m54[0m   const { media, selectedMedia, loading, error, setMedia, setSelectedMedia, toggleMediaSelection, clearSelection } = useMediaStore();
[7m  [0m [93m                                         ~~~~~[0m
[96mtemp-admin-panel/src/pages/media/MediaLibrary.jsx[0m:[93m27[0m:[93m1[0m - [93mwarning[0m[90m ts(6133): [0m'Badge' is declared but its value is never read.

[7m27[0m import { Badge } from '@/components/ui/badge.jsx';
[7m  [0m [93m~~~~~~~~~~~~~~~~~~~~~~~~~~~~~~~~~~~~~~~~~~~~~~~~~~[0m
[96mtemp-admin-panel/src/pages/media/MediaLibrary.jsx[0m:[93m26[0m:[93m58[0m - [93mwarning[0m[90m ts(6133): [0m'CardTitle' is declared but its value is never read.

[7m26[0m import { Card, CardContent, CardDescription, CardHeader, CardTitle } from '@/components/ui/card.jsx';
[7m  [0m [93m                                                         ~~~~~~~~~[0m
[96mtemp-admin-panel/src/pages/media/MediaLibrary.jsx[0m:[93m26[0m:[93m46[0m - [93mwarning[0m[90m ts(6133): [0m'CardHeader' is declared but its value is never read.

[7m26[0m import { Card, CardContent, CardDescription, CardHeader, CardTitle } from '@/components/ui/card.jsx';
[7m  [0m [93m                                             ~~~~~~~~~~[0m
[96mtemp-admin-panel/src/pages/media/MediaLibrary.jsx[0m:[93m26[0m:[93m29[0m - [93mwarning[0m[90m ts(6133): [0m'CardDescription' is declared but its value is never read.

[7m26[0m import { Card, CardContent, CardDescription, CardHeader, CardTitle } from '@/components/ui/card.jsx';
[7m  [0m [93m                            ~~~~~~~~~~~~~~~[0m
[96mtemp-admin-panel/src/pages/media/MediaLibrary.jsx[0m:[93m25[0m:[93m1[0m - [93mwarning[0m[90m ts(6192): [0mAll imports in import declaration are unused.

[7m25[0m import { Tabs, TabsContent, TabsList, TabsTrigger } from '@/components/ui/tabs.jsx';
[7m  [0m [93m~~~~~~~~~~~~~~~~~~~~~~~~~~~~~~~~~~~~~~~~~~~~~~~~~~~~~~~~~~~~~~~~~~~~~~~~~~~~~~~~~~~~[0m
[96mtemp-admin-panel/src/pages/media/MediaLibrary.jsx[0m:[93m24[0m:[93m1[0m - [93mwarning[0m[90m ts(6133): [0m'Textarea' is declared but its value is never read.

[7m24[0m import { Textarea } from '@/components/ui/textarea.jsx';
[7m  [0m [93m~~~~~~~~~~~~~~~~~~~~~~~~~~~~~~~~~~~~~~~~~~~~~~~~~~~~~~~~[0m
[96mtemp-admin-panel/src/pages/media/MediaLibrary.jsx[0m:[93m23[0m:[93m1[0m - [93mwarning[0m[90m ts(6133): [0m'Label' is declared but its value is never read.

[7m23[0m import { Label } from '@/components/ui/label.jsx';
[7m  [0m [93m~~~~~~~~~~~~~~~~~~~~~~~~~~~~~~~~~~~~~~~~~~~~~~~~~~[0m
[96mtemp-admin-panel/src/pages/media/MediaLibrary.jsx[0m:[93m18[0m:[93m3[0m - [93mwarning[0m[90m ts(6133): [0m'Plus' is declared but its value is never read.

[7m18[0m   Plus,
[7m  [0m [93m  ~~~~[0m
[96mtemp-admin-panel/src/pages/media/MediaLibrary.jsx[0m:[93m13[0m:[93m3[0m - [93mwarning[0m[90m ts(6133): [0m'X' is declared but its value is never read.

[7m13[0m   X,
[7m  [0m [93m  ~[0m
[96mtemp-admin-panel/src/pages/media/MediaLibrary.jsx[0m:[93m5[0m:[93m3[0m - [93mwarning[0m[90m ts(6133): [0m'Filter' is declared but its value is never read.

[7m5[0m   Filter,
[7m [0m [93m  ~~~~~~[0m

[96mtemp-admin-panel/src/pages/settings/Settings.jsx[0m:[93m15[0m:[93m11[0m - [93mwarning[0m[90m ts(6133): [0m'settings' is declared but its value is never read.

[7m15[0m   const { settings, loading, error, setSettings } = useSettingsStore();
[7m  [0m [93m          ~~~~~~~~[0m
[96mtemp-admin-panel/src/pages/settings/Settings.jsx[0m:[93m2[0m:[93m108[0m - [93mwarning[0m[90m ts(6133): [0m'DollarSign' is declared but its value is never read.

[7m2[0m import { Save, Settings as SettingsIcon, Mail, Globe, Shield, Database, Palette, CheckCircle, AlertCircle, DollarSign } from 'lucide-react';
[7m [0m [93m                                                                                                           ~~~~~~~~~~[0m
[96mtemp-admin-panel/src/pages/settings/Settings.jsx[0m:[93m2[0m:[93m73[0m - [93mwarning[0m[90m ts(6133): [0m'Palette' is declared but its value is never read.

[7m2[0m import { Save, Settings as SettingsIcon, Mail, Globe, Shield, Database, Palette, CheckCircle, AlertCircle, DollarSign } from 'lucide-react';
[7m [0m [93m                                                                        ~~~~~~~[0m
[96mtemp-admin-panel/src/pages/settings/Settings.jsx[0m:[93m2[0m:[93m63[0m - [93mwarning[0m[90m ts(6133): [0m'Database' is declared but its value is never read.

[7m2[0m import { Save, Settings as SettingsIcon, Mail, Globe, Shield, Database, Palette, CheckCircle, AlertCircle, DollarSign } from 'lucide-react';
[7m [0m [93m                                                              ~~~~~~~~[0m
[96mtemp-admin-panel/src/pages/settings/Settings.jsx[0m:[93m2[0m:[93m55[0m - [93mwarning[0m[90m ts(6133): [0m'Shield' is declared but its value is never read.

[7m2[0m import { Save, Settings as SettingsIcon, Mail, Globe, Shield, Database, Palette, CheckCircle, AlertCircle, DollarSign } from 'lucide-react';
[7m [0m [93m                                                      ~~~~~~[0m
[96mtemp-admin-panel/src/pages/settings/Settings.jsx[0m:[93m2[0m:[93m48[0m - [93mwarning[0m[90m ts(6133): [0m'Globe' is declared but its value is never read.

[7m2[0m import { Save, Settings as SettingsIcon, Mail, Globe, Shield, Database, Palette, CheckCircle, AlertCircle, DollarSign } from 'lucide-react';
[7m [0m [93m                                               ~~~~~[0m
[96mtemp-admin-panel/src/pages/settings/Settings.jsx[0m:[93m2[0m:[93m42[0m - [93mwarning[0m[90m ts(6133): [0m'Mail' is declared but its value is never read.

[7m2[0m import { Save, Settings as SettingsIcon, Mail, Globe, Shield, Database, Palette, CheckCircle, AlertCircle, DollarSign } from 'lucide-react';
[7m [0m [93m                                         ~~~~[0m

[96mtemp-admin-panel/src/pages/tags/TagsList.jsx[0m:[93m6[0m:[93m1[0m - [93mwarning[0m[90m ts(6133): [0m'Badge' is declared but its value is never read.

[7m6[0m import { Badge } from '@/components/ui/badge.jsx';
[7m [0m [93m~~~~~~~~~~~~~~~~~~~~~~~~~~~~~~~~~~~~~~~~~~~~~~~~~~[0m

[96mtemp-admin-panel/src/utils/helpers.js[0m:[93m218[0m:[93m63[0m - [93mwarning[0m[90m ts(6385): [0m'(from: number, length?: number | undefined): string' is deprecated.

[7m218[0m   return Date.now().toString(36) + Math.random().toString(36).substr(2);
[7m   [0m [93m                                                              ~~~~~~[0m

Result (218 files): 
- 44 errors
- 0 warnings
- 113 hints

